# JRE version: OpenJDK Runtime Environment (8.0_242-b01) (build 1.8.0_242-release-1644-b01)
# Java VM: OpenJDK 64-Bit Server VM (25.242-b01 mixed mode windows-amd64 compressed oops)
Heap:
 PSYoungGen      total 249856K, used 15556K [0x00000000d5580000, 0x00000000e7180000, 0x0000000100000000)
  eden space 238592K, 6% used [0x00000000d5580000,0x00000000d64b1358,0x00000000e3e80000)
  from space 11264K, 0% used [0x00000000e6680000,0x00000000e6680000,0x00000000e7180000)
  to   space 14336K, 0% used [0x00000000e5580000,0x00000000e5580000,0x00000000e6380000)
 ParOldGen       total 55296K, used 16847K [0x0000000080000000, 0x0000000083600000, 0x00000000d5580000)
  object space 55296K, 30% used [0x0000000080000000,0x0000000081073eb8,0x0000000083600000)
 Metaspace       used 31861K, capacity 32834K, committed 33072K, reserved 1079296K
  class space    used 4347K, capacity 4610K, committed 4656K, reserved 1048576K
GC Heap History (10 events):
Event: 8.589 GC heap before
{Heap before GC invocations=4 (full 0):
 PSYoungGen      total 71680K, used 71658K [0x00000000d5580000, 0x00000000de180000, 0x0000000100000000)
  eden space 66560K, 100% used [0x00000000d5580000,0x00000000d9680000,0x00000000d9680000)
  from space 5120K, 99% used [0x00000000d9680000,0x00000000d9b7aa50,0x00000000d9b80000)
  to   space 5120K, 0% used [0x00000000ddc80000,0x00000000ddc80000,0x00000000de180000)
 ParOldGen       total 87552K, used 4285K [0x0000000080000000, 0x0000000085580000, 0x00000000d5580000)
  object space 87552K, 4% used [0x0000000080000000,0x000000008042f6c0,0x0000000085580000)
 Metaspace       used 20395K, capacity 21140K, committed 21248K, reserved 1067008K
  class space    used 2840K, capacity 3048K, committed 3072K, reserved 1048576K
Event: 8.602 GC heap after
Heap after GC invocations=4 (full 0):
 PSYoungGen      total 138240K, used 5092K [0x00000000d5580000, 0x00000000de180000, 0x0000000100000000)
  eden space 133120K, 0% used [0x00000000d5580000,0x00000000d5580000,0x00000000dd780000)
  from space 5120K, 99% used [0x00000000ddc80000,0x00000000de179050,0x00000000de180000)
  to   space 5120K, 0% used [0x00000000dd780000,0x00000000dd780000,0x00000000ddc80000)
 ParOldGen       total 87552K, used 10849K [0x0000000080000000, 0x0000000085580000, 0x00000000d5580000)
  object space 87552K, 12% used [0x0000000080000000,0x0000000080a985c0,0x0000000085580000)
 Metaspace       used 20395K, capacity 21140K, committed 21248K, reserved 1067008K
  class space    used 2840K, capacity 3048K, committed 3072K, reserved 1048576K
}
Event: 8.645 GC heap before
{Heap before GC invocations=5 (full 0):
 PSYoungGen      total 138240K, used 11550K [0x00000000d5580000, 0x00000000de180000, 0x0000000100000000)
  eden space 133120K, 4% used [0x00000000d5580000,0x00000000d5bce9e8,0x00000000dd780000)
  from space 5120K, 99% used [0x00000000ddc80000,0x00000000de179050,0x00000000de180000)
  to   space 5120K, 0% used [0x00000000dd780000,0x00000000dd780000,0x00000000ddc80000)
 ParOldGen       total 87552K, used 10849K [0x0000000080000000, 0x0000000085580000, 0x00000000d5580000)
  object space 87552K, 12% used [0x0000000080000000,0x0000000080a985c0,0x0000000085580000)
 Metaspace       used 20591K, capacity 21236K, committed 21296K, reserved 1067008K
  class space    used 2873K, capacity 3080K, committed 3120K, reserved 1048576K
Event: 8.652 GC heap after
Heap after GC invocations=5 (full 0):
 PSYoungGen      total 138240K, used 5108K [0x00000000d5580000, 0x00000000e7380000, 0x0000000100000000)
  eden space 133120K, 0% used [0x00000000d5580000,0x00000000d5580000,0x00000000dd780000)
  from space 5120K, 99% used [0x00000000dd780000,0x00000000ddc7d040,0x00000000ddc80000)
  to   space 13312K, 0% used [0x00000000e6680000,0x00000000e6680000,0x00000000e7380000)
 ParOldGen       total 87552K, used 11075K [0x0000000080000000, 0x0000000085580000, 0x00000000d5580000)
  object space 87552K, 12% used [0x0000000080000000,0x0000000080ad0c90,0x0000000085580000)
 Metaspace       used 20591K, capacity 21236K, committed 21296K, reserved 1067008K
  class space    used 2873K, capacity 3080K, committed 3120K, reserved 1048576K
}
Event: 8.652 GC heap before
{Heap before GC invocations=6 (full 1):
 PSYoungGen      total 138240K, used 5108K [0x00000000d5580000, 0x00000000e7380000, 0x0000000100000000)
  eden space 133120K, 0% used [0x00000000d5580000,0x00000000d5580000,0x00000000dd780000)
  from space 5120K, 99% used [0x00000000dd780000,0x00000000ddc7d040,0x00000000ddc80000)
  to   space 13312K, 0% used [0x00000000e6680000,0x00000000e6680000,0x00000000e7380000)
 ParOldGen       total 87552K, used 11075K [0x0000000080000000, 0x0000000085580000, 0x00000000d5580000)
  object space 87552K, 12% used [0x0000000080000000,0x0000000080ad0c90,0x0000000085580000)
 Metaspace       used 20591K, capacity 21236K, committed 21296K, reserved 1067008K
  class space    used 2873K, capacity 3080K, committed 3120K, reserved 1048576K
Event: 8.717 GC heap after
Heap after GC invocations=6 (full 1):
 PSYoungGen      total 138240K, used 0K [0x00000000d5580000, 0x00000000e7380000, 0x0000000100000000)
  eden space 133120K, 0% used [0x00000000d5580000,0x00000000d5580000,0x00000000dd780000)
  from space 5120K, 0% used [0x00000000dd780000,0x00000000dd780000,0x00000000ddc80000)
  to   space 13312K, 0% used [0x00000000e6680000,0x00000000e6680000,0x00000000e7380000)
 ParOldGen       total 55296K, used 8264K [0x0000000080000000, 0x0000000083600000, 0x00000000d5580000)
  object space 55296K, 14% used [0x0000000080000000,0x00000000808123c0,0x0000000083600000)
 Metaspace       used 20591K, capacity 21236K, committed 21296K, reserved 1067008K
  class space    used 2873K, capacity 3080K, committed 3120K, reserved 1048576K
}
Event: 11.519 GC heap before
{Heap before GC invocations=7 (full 1):
 PSYoungGen      total 138240K, used 95197K [0x00000000d5580000, 0x00000000e7380000, 0x0000000100000000)
  eden space 133120K, 71% used [0x00000000d5580000,0x00000000db277518,0x00000000dd780000)
  from space 5120K, 0% used [0x00000000dd780000,0x00000000dd780000,0x00000000ddc80000)
  to   space 13312K, 0% used [0x00000000e6680000,0x00000000e6680000,0x00000000e7380000)
 ParOldGen       total 55296K, used 8264K [0x0000000080000000, 0x0000000083600000, 0x00000000d5580000)
  object space 55296K, 14% used [0x0000000080000000,0x00000000808123c0,0x0000000083600000)
 Metaspace       used 30842K, capacity 31726K, committed 31920K, reserved 1081344K
  class space    used 4164K, capacity 4404K, committed 4528K, reserved 1048576K
Event: 11.531 GC heap after
Heap after GC invocations=7 (full 1):
 PSYoungGen      total 249856K, used 10801K [0x00000000d5580000, 0x00000000e7180000, 0x0000000100000000)
  eden space 238592K, 0% used [0x00000000d5580000,0x00000000d5580000,0x00000000e3e80000)
  from space 11264K, 95% used [0x00000000e6680000,0x00000000e710c530,0x00000000e7180000)
  to   space 14336K, 0% used [0x00000000e5580000,0x00000000e5580000,0x00000000e6380000)
 ParOldGen       total 55296K, used 8272K [0x0000000080000000, 0x0000000083600000, 0x00000000d5580000)
  object space 55296K, 14% used [0x0000000080000000,0x00000000808143c0,0x0000000083600000)
 Metaspace       used 30842K, capacity 31726K, committed 31920K, reserved 1081344K
  class space    used 4164K, capacity 4404K, committed 4528K, reserved 1048576K
}
Event: 11.531 GC heap before
{Heap before GC invocations=8 (full 2):
 PSYoungGen      total 249856K, used 10801K [0x00000000d5580000, 0x00000000e7180000, 0x0000000100000000)
  eden space 238592K, 0% used [0x00000000d5580000,0x00000000d5580000,0x00000000e3e80000)
  from space 11264K, 95% used [0x00000000e6680000,0x00000000e710c530,0x00000000e7180000)
  to   space 14336K, 0% used [0x00000000e5580000,0x00000000e5580000,0x00000000e6380000)
 ParOldGen       total 55296K, used 8272K [0x0000000080000000, 0x0000000083600000, 0x00000000d5580000)
  object space 55296K, 14% used [0x0000000080000000,0x00000000808143c0,0x0000000083600000)
 Metaspace       used 30842K, capacity 31726K, committed 31920K, reserved 1081344K
  class space    used 4164K, capacity 4404K, committed 4528K, reserved 1048576K
Event: 11.596 GC heap after
Heap after GC invocations=8 (full 2):
 PSYoungGen      total 249856K, used 0K [0x00000000d5580000, 0x00000000e7180000, 0x0000000100000000)
  eden space 238592K, 0% used [0x00000000d5580000,0x00000000d5580000,0x00000000e3e80000)
  from space 11264K, 0% used [0x00000000e6680000,0x00000000e6680000,0x00000000e7180000)
  to   space 14336K, 0% used [0x00000000e5580000,0x00000000e5580000,0x00000000e6380000)
 ParOldGen       total 55296K, used 16847K [0x0000000080000000, 0x0000000083600000, 0x00000000d5580000)
  object space 55296K, 30% used [0x0000000080000000,0x0000000081073eb8,0x0000000083600000)
 Metaspace       used 30842K, capacity 31726K, committed 31920K, reserved 1079296K
  class space    used 4164K, capacity 4404K, committed 4528K, reserved 1048576K
}

